info: Test Executed {"timestamp":"2024-02-28T13:09:01.143Z"}
info: Test Executed {"timestamp":"2024-02-28T13:09:27.057Z"}
info: Test Executed {"timestamp":"2024-02-28T13:10:10.154Z"}
info: Test Executed {"timestamp":"2024-02-28T13:11:19.069Z"}
info: Test Executed {"timestamp":"2024-02-28T13:16:12.654Z"}
info: Test Executed {"timestamp":"2024-02-28T13:16:59.936Z"}
info: Test Executed {"timestamp":"2024-02-28T13:17:32.637Z"}
info: Test Executed {"timestamp":"2024-02-28T13:25:06.769Z"}
info: Test Executed {"timestamp":"2024-02-28T13:27:36.388Z"}
info: Test Executed {"timestamp":"2024-02-28T13:29:01.990Z"}
info: Test Executed {"timestamp":"2024-02-28T15:35:09.403Z"}
info: Test Executed {"timestamp":"2024-02-28T15:38:06.012Z"}
info: Test Executed {"timestamp":"2024-02-28T15:49:52.673Z"}
info: Test Executed {"timestamp":"2024-02-28T15:50:57.347Z"}
info: Test Executed {"timestamp":"2024-02-28T17:57:44.396Z"}
info: Test Executed {"timestamp":"2024-02-28T18:00:39.955Z"}
info: Test Executed {"timestamp":"2024-02-28T18:01:29.172Z"}
info: report saved {"timestamp":"2024-02-28T18:01:43.220Z"}
info: Test Executed {"timestamp":"2024-02-28T18:02:14.282Z"}
info: report saved {"timestamp":"2024-02-28T18:02:20.206Z"}
info: Test Executed {"timestamp":"2024-02-28T18:05:09.170Z"}
info: report saved {"timestamp":"2024-02-28T18:05:14.680Z"}
info: report saved {"timestamp":"2024-02-28T18:06:08.604Z"}
info: Test Executed {"timestamp":"2024-02-28T18:17:02.488Z"}
info: report saved {"timestamp":"2024-02-28T18:17:07.870Z"}
info: Test Executed {"timestamp":"2024-03-01T05:55:10.326Z"}
info: Test Executed {"timestamp":"2024-03-01T09:30:37.274Z"}
info: Test Executed {"timestamp":"2024-03-01T09:31:21.169Z"}
info: Test Executed {"timestamp":"2024-03-01T12:02:49.589Z"}
info: Test Executed {"timestamp":"2024-03-07T06:04:20.208Z"}
info: Test Executed {"timestamp":"2024-03-07T06:05:58.512Z"}
info: Test Executed {"timestamp":"2024-03-07T06:08:21.411Z"}
info: Test Executed {"timestamp":"2024-03-08T07:37:46.695Z"}
info: Test Executed {"timestamp":"2024-03-08T07:38:47.458Z"}
info: Test Executed {"timestamp":"2024-03-08T07:39:41.285Z"}
info: Test Executed {"timestamp":"2024-03-08T07:41:02.746Z"}
info: Test Executed {"timestamp":"2024-03-08T08:49:53.929Z"}
info: Test Executed {"timestamp":"2024-03-08T08:51:00.009Z"}
info: Test Executed {"timestamp":"2024-03-08T08:52:12.816Z"}
info: Test Executed {"timestamp":"2024-03-08T08:53:41.264Z"}
info: Test Executed {"timestamp":"2024-03-14T11:36:22.703Z"}
info: Test Executed {"timestamp":"2024-03-15T08:57:33.010Z"}
info: Test Executed {"timestamp":"2024-03-15T11:06:05.147Z"}
info: Test Executed {"timestamp":"2024-03-15T11:08:35.664Z"}
info: Test Executed {"timestamp":"2024-03-15T11:10:17.598Z"}
info: Test Executed {"timestamp":"2024-03-15T11:22:46.327Z"}
info: Test Executed {"timestamp":"2024-03-15T11:26:35.541Z"}
info: Test Executed {"timestamp":"2024-03-15T11:30:22.422Z"}
info: Test Executed {"timestamp":"2024-03-15T11:31:02.923Z"}
info: Test Executed {"timestamp":"2024-03-15T11:31:38.239Z"}
info: Test Executed {"timestamp":"2024-03-15T11:36:25.940Z"}
info: Test Executed {"timestamp":"2024-03-15T11:40:35.086Z"}
info: Test Executed {"timestamp":"2024-03-15T11:41:37.125Z"}
info: Test Executed {"timestamp":"2024-03-15T11:42:03.547Z"}
info: Test Executed {"timestamp":"2024-03-15T11:47:44.642Z"}
info: Test Executed {"timestamp":"2024-03-15T11:48:15.631Z"}
info: Test Executed {"timestamp":"2024-03-15T11:50:45.266Z"}
info: Test Executed {"timestamp":"2024-03-15T11:55:05.147Z"}
info: Test Executed {"timestamp":"2024-03-15T11:55:22.698Z"}
info: Test Executed {"timestamp":"2024-03-15T11:56:03.513Z"}
info: Test Executed {"timestamp":"2024-03-15T11:56:33.220Z"}
info: Test Executed {"timestamp":"2024-03-15T11:58:23.073Z"}
info: Test Executed {"timestamp":"2024-03-15T12:01:45.423Z"}
info: Title: {"timestamp":"2024-03-15T12:01:50.826Z"}
info: Test Executed {"timestamp":"2024-03-15T12:03:48.125Z"}
info: Title: {"timestamp":"2024-03-15T12:03:54.402Z"}
info: Test Executed {"timestamp":"2024-03-15T12:04:34.649Z"}
info: Test Executed {"timestamp":"2024-03-15T12:05:16.612Z"}
info: Title: {"timestamp":"2024-03-15T12:05:20.899Z"}
info: Test Executed {"timestamp":"2024-03-15T12:22:00.879Z"}
info: Title: {"timestamp":"2024-03-15T12:22:05.796Z"}
info: hi {"timestamp":"2024-03-15T12:23:27.945Z"}
info: 0 {"timestamp":"2024-03-15T12:26:18.335Z"}
info: 0 {"timestamp":"2024-03-15T12:26:18.408Z"}
info: Test Executed {"timestamp":"2024-03-15T12:31:17.848Z"}
info: Title: {"timestamp":"2024-03-15T12:31:22.043Z"}
info: Test Executed {"timestamp":"2024-03-15T12:32:50.640Z"}
info: Title: {"timestamp":"2024-03-15T12:32:58.157Z"}
info: Number of badges: {"timestamp":"2024-03-15T12:37:01.791Z"}
info: Number of badges: 2 {"timestamp":"2024-03-15T12:40:27.327Z"}
info: Number of badges: 2 {"timestamp":"2024-03-15T12:42:35.893Z"}
info: 100 {"timestamp":"2024-03-15T12:53:37.860Z"}
info: 0 {"timestamp":"2024-03-15T13:03:23.219Z"}
info: 0 {"timestamp":"2024-03-15T13:03:23.303Z"}
info: 100 {"timestamp":"2024-03-15T13:05:25.892Z"}
info: 100 {"timestamp":"2024-03-15T13:06:17.114Z"}
info: 100 {"timestamp":"2024-03-15T13:06:39.156Z"}
info: 100 {"timestamp":"2024-03-15T13:12:20.242Z"}
info: 100 {"timestamp":"2024-03-15T13:13:48.002Z"}
info: 100 {"timestamp":"2024-03-15T13:14:21.216Z"}
info: 100 {"timestamp":"2024-03-15T13:16:03.297Z"}
info: 100 {"timestamp":"2024-03-15T13:16:27.053Z"}
info: 100 {"timestamp":"2024-03-15T13:17:05.599Z"}
info: 100 {"timestamp":"2024-03-15T13:17:30.417Z"}
info: 100 {"timestamp":"2024-03-15T13:18:55.901Z"}
info: Test Executed {"timestamp":"2024-03-15T13:22:19.481Z"}
info: Title: {"timestamp":"2024-03-15T13:22:23.141Z"}
info: Test Executed {"timestamp":"2024-03-15T13:24:11.398Z"}
info: Title: {"timestamp":"2024-03-15T13:24:20.721Z"}
info: Test Executed {"timestamp":"2024-03-15T13:26:02.466Z"}
info: Test Executed {"timestamp":"2024-03-15T13:26:31.136Z"}
info: Test Executed {"timestamp":"2024-03-15T13:27:00.865Z"}
info: Title: {"timestamp":"2024-03-15T13:27:07.107Z"}
info: 100 {"timestamp":"2024-03-15T15:32:33.826Z"}
info: 100 {"timestamp":"2024-03-15T15:37:52.881Z"}
info: 100 {"timestamp":"2024-03-15T15:44:53.810Z"}
info: 100 {"timestamp":"2024-03-15T15:45:52.728Z"}
info: 100 {"timestamp":"2024-03-15T15:46:54.598Z"}
info: 100 {"timestamp":"2024-03-15T15:47:31.384Z"}
info: 100 {"timestamp":"2024-03-15T15:48:02.234Z"}
info: 0 {"timestamp":"2024-03-15T15:51:58.716Z"}
info: 0 {"timestamp":"2024-03-15T15:51:58.796Z"}
info: Number of badges: 2 {"timestamp":"2024-03-15T16:03:43.277Z"}
info: Number of badges: 2 {"timestamp":"2024-03-15T16:05:34.103Z"}
info: Test Executed {"timestamp":"2024-03-15T17:25:31.448Z"}
info: Title: {"timestamp":"2024-03-15T17:25:38.825Z"}
info: Test Executed {"timestamp":"2024-03-15T17:26:40.442Z"}
info: Title: {"timestamp":"2024-03-15T17:26:44.212Z"}
info: report saved {"timestamp":"2024-03-15T17:26:45.498Z"}
info: Test Executed {"timestamp":"2024-03-15T17:28:54.193Z"}
info: Title: {"timestamp":"2024-03-15T17:28:58.655Z"}
info: report saved {"timestamp":"2024-03-15T17:29:00.384Z"}
info: Test Executed {"timestamp":"2024-03-15T17:31:01.503Z"}
info: Title: {"timestamp":"2024-03-15T17:31:05.747Z"}
info: report saved {"timestamp":"2024-03-15T17:31:07.334Z"}
info: before {"timestamp":"2024-03-15T17:36:36.536Z"}
info: before Each {"timestamp":"2024-03-15T17:36:37.892Z"}
info: unknown command: unknown command: session/undefined/status {"error":"unknown command","stacktrace":"","timestamp":"2024-03-15T17:36:37.907Z"}
info: Test Executed {"timestamp":"2024-03-15T17:36:41.236Z"}
info: Title: {"timestamp":"2024-03-15T17:36:45.901Z"}
info: afterEach {"timestamp":"2024-03-15T17:36:47.217Z"}
info: [object Object] {"timestamp":"2024-03-15T17:36:47.217Z"}
info: after {"timestamp":"2024-03-15T17:36:47.468Z"}
info: before {"timestamp":"2024-03-15T17:38:03.115Z"}
info: before Each {"timestamp":"2024-03-15T17:38:03.945Z"}
info: unknown command: unknown command: session/undefined/status {"error":"unknown command","stacktrace":"","timestamp":"2024-03-15T17:38:03.953Z"}
info: Test Executed {"timestamp":"2024-03-15T17:38:07.001Z"}
info: Title: {"timestamp":"2024-03-15T17:38:12.440Z"}
info: afterEach {"timestamp":"2024-03-15T17:38:14.167Z"}
info: [object Object] {"timestamp":"2024-03-15T17:38:14.168Z"}
info: after {"timestamp":"2024-03-15T17:38:15.014Z"}
info: before {"timestamp":"2024-03-15T17:50:59.921Z"}
info: before Each {"timestamp":"2024-03-15T17:51:00.769Z"}
info: unknown command: unknown command: session/undefined/status {"error":"unknown command","stacktrace":"","timestamp":"2024-03-15T17:51:00.778Z"}
info: Test Executed {"timestamp":"2024-03-15T17:51:02.903Z"}
info: Title: {"timestamp":"2024-03-15T17:51:07.912Z"}
info: afterEach {"timestamp":"2024-03-15T17:51:09.569Z"}
info: [object Object] {"timestamp":"2024-03-15T17:51:09.570Z"}
info: after {"timestamp":"2024-03-15T17:51:09.840Z"}
info: before {"timestamp":"2024-03-15T17:56:10.473Z"}
info: before Each {"timestamp":"2024-03-15T17:56:11.246Z"}
info: unknown command: unknown command: session/undefined/status {"error":"unknown command","stacktrace":"","timestamp":"2024-03-15T17:56:11.253Z"}
info: Test Executed {"timestamp":"2024-03-15T17:56:14.090Z"}
info: Title: {"timestamp":"2024-03-15T17:56:18.865Z"}
info: afterEach {"timestamp":"2024-03-15T17:56:20.412Z"}
info: [object Object] {"timestamp":"2024-03-15T17:56:20.412Z"}
info: after {"timestamp":"2024-03-15T17:56:20.585Z"}
info: before {"timestamp":"2024-03-15T17:56:36.222Z"}
info: before Each {"timestamp":"2024-03-15T17:56:48.153Z"}
info: HTTP method not allowed {"timestamp":"2024-03-15T17:56:48.160Z"}
info: Number of badges: 2 {"timestamp":"2024-03-15T17:57:01.754Z"}
info: afterEach {"timestamp":"2024-03-15T17:57:05.367Z"}
info: [object Object] {"timestamp":"2024-03-15T17:57:05.368Z"}
info: after {"timestamp":"2024-03-15T17:57:05.438Z"}
info: before {"timestamp":"2024-03-15T17:59:17.975Z"}
info: before Each {"timestamp":"2024-03-15T17:59:18.767Z"}
info: unknown command: unknown command: session/undefined/status {"error":"unknown command","stacktrace":"","timestamp":"2024-03-15T17:59:18.774Z"}
info: 100 {"timestamp":"2024-03-15T17:59:26.602Z"}
info: afterEach {"timestamp":"2024-03-15T17:59:29.189Z"}
info: [object Object] {"timestamp":"2024-03-15T17:59:29.190Z"}
info: after {"timestamp":"2024-03-15T17:59:29.357Z"}
info: before {"timestamp":"2024-03-15T17:59:50.948Z"}
info: before Each {"timestamp":"2024-03-15T17:59:51.740Z"}
info: unknown command: unknown command: session/undefined/status {"error":"unknown command","stacktrace":"","timestamp":"2024-03-15T17:59:51.748Z"}
info: afterEach {"timestamp":"2024-03-15T18:00:01.976Z"}
info: [object Object] {"timestamp":"2024-03-15T18:00:01.976Z"}
info: after {"timestamp":"2024-03-15T18:00:02.014Z"}
info: before {"timestamp":"2024-03-15T18:00:56.007Z"}
info: before {"timestamp":"2024-03-15T18:01:08.059Z"}
info: before Each {"timestamp":"2024-03-15T18:01:08.869Z"}
info: unknown command: unknown command: session/undefined/status {"error":"unknown command","stacktrace":"","timestamp":"2024-03-15T18:01:08.876Z"}
info: 1 {"timestamp":"2024-03-15T18:01:19.243Z"}
info: 1 {"timestamp":"2024-03-15T18:01:19.320Z"}
info: afterEach {"timestamp":"2024-03-15T18:01:24.844Z"}
info: [object Object] {"timestamp":"2024-03-15T18:01:24.845Z"}
info: after {"timestamp":"2024-03-15T18:01:24.952Z"}
info: before {"timestamp":"2024-03-15T18:01:47.745Z"}
info: before Each {"timestamp":"2024-03-15T18:01:48.511Z"}
info: unknown command: unknown command: session/undefined/status {"error":"unknown command","stacktrace":"","timestamp":"2024-03-15T18:01:48.517Z"}
info: afterEach {"timestamp":"2024-03-15T18:02:01.746Z"}
info: [object Object] {"timestamp":"2024-03-15T18:02:01.747Z"}
info: after {"timestamp":"2024-03-15T18:02:01.809Z"}
info: before {"timestamp":"2024-03-15T18:02:09.234Z"}
info: before Each {"timestamp":"2024-03-15T18:02:09.999Z"}
info: unknown command: unknown command: session/undefined/status {"error":"unknown command","stacktrace":"","timestamp":"2024-03-15T18:02:10.004Z"}
info: Number of badges: 2 {"timestamp":"2024-03-15T18:02:16.944Z"}
info: afterEach {"timestamp":"2024-03-15T18:02:17.653Z"}
info: [object Object] {"timestamp":"2024-03-15T18:02:17.653Z"}
info: after {"timestamp":"2024-03-15T18:02:17.699Z"}
info: before {"timestamp":"2024-03-15T18:03:48.399Z"}
info: before Each {"timestamp":"2024-03-15T18:03:49.193Z"}
info: unknown command: unknown command: session/undefined/status {"error":"unknown command","stacktrace":"","timestamp":"2024-03-15T18:03:49.201Z"}
info: 100 {"timestamp":"2024-03-15T18:03:56.936Z"}
info: afterEach {"timestamp":"2024-03-15T18:04:03.467Z"}
info: [object Object] {"timestamp":"2024-03-15T18:04:03.468Z"}
info: after {"timestamp":"2024-03-15T18:04:03.597Z"}
info: before {"timestamp":"2024-03-15T18:04:07.238Z"}
info: before Each {"timestamp":"2024-03-15T18:04:08.059Z"}
info: unknown command: unknown command: session/undefined/status {"error":"unknown command","stacktrace":"","timestamp":"2024-03-15T18:04:08.066Z"}
info: 100 {"timestamp":"2024-03-15T18:04:15.634Z"}
info: afterEach {"timestamp":"2024-03-15T18:04:21.856Z"}
info: [object Object] {"timestamp":"2024-03-15T18:04:21.857Z"}
info: after {"timestamp":"2024-03-15T18:04:22.046Z"}
info: before {"timestamp":"2024-03-18T05:34:23.331Z"}
info: before Each {"timestamp":"2024-03-18T05:34:46.450Z"}
info: HTTP method not allowed {"timestamp":"2024-03-18T05:34:46.468Z"}
info: Test Executed {"timestamp":"2024-03-18T05:34:47.687Z"}
info: afterEach {"timestamp":"2024-03-18T05:34:52.913Z"}
info: [object Object] {"timestamp":"2024-03-18T05:34:52.913Z"}
info: after {"timestamp":"2024-03-18T05:34:59.837Z"}
info: before {"timestamp":"2024-03-18T06:19:03.784Z"}
info: before Each {"timestamp":"2024-03-18T06:19:04.712Z"}
info: unknown command: unknown command: session/undefined/status {"error":"unknown command","stacktrace":"","timestamp":"2024-03-18T06:19:04.718Z"}
info: Test Executed {"timestamp":"2024-03-18T06:19:08.215Z"}
info: afterEach {"timestamp":"2024-03-18T06:19:13.583Z"}
info: [object Object] {"timestamp":"2024-03-18T06:19:13.583Z"}
info: after {"timestamp":"2024-03-18T06:19:13.779Z"}
info: before {"timestamp":"2024-03-20T07:31:21.264Z"}
info: after {"timestamp":"2024-03-20T07:31:57.999Z"}
info: before {"timestamp":"2024-03-20T08:45:52.041Z"}
info: before Each {"timestamp":"2024-03-20T08:45:54.236Z"}
info: unknown command: unknown command: session/undefined/status {"error":"unknown command","stacktrace":"","timestamp":"2024-03-20T08:45:54.265Z"}
info: Test Executed {"timestamp":"2024-03-20T08:45:57.431Z"}
info: afterEach {"timestamp":"2024-03-20T08:46:05.326Z"}
info: [object Object] {"timestamp":"2024-03-20T08:46:05.326Z"}
info: after {"timestamp":"2024-03-20T08:46:06.290Z"}
info: before {"timestamp":"2024-04-05T05:45:31.770Z"}
info: after {"timestamp":"2024-04-05T05:45:36.108Z"}
info: before {"timestamp":"2024-04-05T05:47:07.395Z"}
info: before Each {"timestamp":"2024-04-05T05:47:39.471Z"}
info: unknown command: unknown command: session/undefined/status {"error":"unknown command","stacktrace":"","timestamp":"2024-04-05T05:47:39.481Z"}
info: Test Executed {"timestamp":"2024-04-05T05:47:48.615Z"}
info: Title: {"timestamp":"2024-04-05T05:48:08.771Z"}
info: afterEach {"timestamp":"2024-04-05T05:48:14.970Z"}
info: [object Object] {"timestamp":"2024-04-05T05:48:14.971Z"}
info: after {"timestamp":"2024-04-05T05:48:15.486Z"}
info: before {"timestamp":"2024-04-05T05:48:34.166Z"}
info: before Each {"timestamp":"2024-04-05T05:48:35.237Z"}
info: unknown command: unknown command: session/undefined/status {"error":"unknown command","stacktrace":"","timestamp":"2024-04-05T05:48:35.245Z"}
info: Test Executed {"timestamp":"2024-04-05T05:48:38.626Z"}
info: Title: {"timestamp":"2024-04-05T05:48:44.523Z"}
info: afterEach {"timestamp":"2024-04-05T05:48:45.003Z"}
info: [object Object] {"timestamp":"2024-04-05T05:48:45.004Z"}
info: after {"timestamp":"2024-04-05T05:48:45.151Z"}
info: before {"timestamp":"2024-04-05T06:20:52.232Z"}
info: before Each {"timestamp":"2024-04-05T06:20:54.007Z"}
info: unknown command: unknown command: session/undefined/status {"error":"unknown command","stacktrace":"","timestamp":"2024-04-05T06:20:54.021Z"}
info: Test Executed {"timestamp":"2024-04-05T06:20:59.303Z"}
info: Title: {"timestamp":"2024-04-05T06:21:07.572Z"}
info: afterEach {"timestamp":"2024-04-05T06:21:08.387Z"}
info: [object Object] {"timestamp":"2024-04-05T06:21:08.389Z"}
info: after {"timestamp":"2024-04-05T06:21:08.631Z"}
