Starting ChromeDriver 122.0.6261.128 (f18a44fedeb29764b2b5336c120fdd90ef1a3f5c-refs/branch-heads/6261@{#1057}) on port 9515
Only local connections are allowed.
Please see https://chromedriver.chromium.org/security-considerations for suggestions on keeping ChromeDriver safe.
ChromeDriver was started successfully.
[1710521654.022][INFO]: [0c5e6408b0d7859c4a45120cc74caf7d] COMMAND InitSession {
   "capabilities": {
      "alwaysMatch": {
         "browserName": "chrome",
         "goog:chromeOptions": {
            "args": [  ],
            "binary": "/usr/bin/google-chrome",
            "w3c": true
         }
      },
      "firstMatch": [ {
      } ]
   }
}
[1710521654.022][INFO]: Populating Preferences file: {
   "alternate_error_pages": {
      "enabled": false
   },
   "autofill": {
      "enabled": false
   },
   "browser": {
      "check_default_browser": false
   },
   "distribution": {
      "import_bookmarks": false,
      "import_history": false,
      "import_search_engine": false,
      "make_chrome_default_for_user": false,
      "skip_first_run_ui": true
   },
   "dns_prefetching": {
      "enabled": false
   },
   "profile": {
      "content_settings": {
         "pattern_pairs": {
            "https://*,*": {
               "media-stream": {
                  "audio": "Default",
                  "video": "Default"
               }
            }
         }
      },
      "default_content_setting_values": {
         "geolocation": 1
      },
      "default_content_settings": {
         "geolocation": 1,
         "mouselock": 1,
         "notifications": 1,
         "popups": 1,
         "ppapi-broker": 1
      },
      "password_manager_enabled": false
   },
   "safebrowsing": {
      "enabled": false
   },
   "search": {
      "suggest_enabled": false
   },
   "translate": {
      "enabled": false
   }
}
[1710521654.022][INFO]: Populating Local State file: {
   "background_mode": {
      "enabled": false
   },
   "ssl": {
      "rev_checking": {
         "enabled": false
      }
   }
}
[1710521654.022][INFO]: ChromeDriver supports communication with Chrome via pipes. This is more reliable and more secure.
[1710521654.022][INFO]: Use the --remote-debugging-pipe Chrome switch instead of the default --remote-debugging-port to enable this communication mode.
[1710521654.022][INFO]: Launching chrome: /usr/bin/google-chrome --allow-pre-commit-input --disable-background-networking --disable-client-side-phishing-detection --disable-default-apps --disable-hang-monitor --disable-popup-blocking --disable-prompt-on-repost --disable-sync --enable-automation --enable-logging=stderr --log-level=0 --no-first-run --no-service-autorun --password-store=basic --remote-debugging-port=0 --test-type=webdriver --use-mock-keychain --user-data-dir=/tmp/.org.chromium.Chromium.QpL4zn data:,
[29090:29090:0315/222414.039051:WARNING:chrome_main_delegate.cc(742)] This is Chrome version 122.0.6261.57 (not a warning)
[29090:29090:0315/222414.062393:INFO:policy_logger.cc(145)] :components/policy/core/common/config_dir_policy_loader.cc(118) Skipping mandatory platform policies because no policy file was found at: /etc/opt/chrome/policies/managed
[29090:29090:0315/222414.062411:INFO:policy_logger.cc(145)] :components/policy/core/common/config_dir_policy_loader.cc(118) Skipping recommended platform policies because no policy file was found at: /etc/opt/chrome/policies/recommended
[29090:29090:0315/222414.144816:INFO:policy_logger.cc(145)] :components/enterprise/browser/controller/chrome_browser_cloud_management_controller.cc(168) Starting CBCM Controller Initialization
[29090:29090:0315/222414.144850:INFO:policy_logger.cc(145)] :components/enterprise/browser/controller/chrome_browser_cloud_management_controller.cc(196) No machine level policy manager exists.

DevTools listening on ws://127.0.0.1:45541/devtools/browser/5e23bda1-198f-4d0e-92f5-141af969ad10
[1710521654.175][DEBUG]: DevTools HTTP Request: http://localhost:45541/json/version
MESA-INTEL: warning: Performance support disabled, consider sysctl dev.i915.perf_stream_paranoid=0

[29131:29131:0315/222414.242839:WARNING:sandbox_linux.cc(418)] InitializeSandbox() called with multiple threads in process gpu-process.
[29090:29090:0315/222414.269917:WARNING:bluez_dbus_manager.cc(248)] Floss manager not present, cannot set Floss enable/disable.
[1710521654.281][DEBUG]: DevTools HTTP Response: {
   "Browser": "Chrome/122.0.6261.57",
   "Protocol-Version": "1.3",
   "User-Agent": "Mozilla/5.0 (X11; Linux x86_64) AppleWebKit/537.36 (KHTML, like Gecko) Chrome/122.0.0.0 Safari/537.36",
   "V8-Version": "12.2.281.16",
   "WebKit-Version": "537.36 (@87957e464700ccf3468df47ce741e0dc089e0544)",
   "webSocketDebuggerUrl": "ws://localhost:45541/devtools/browser/5e23bda1-198f-4d0e-92f5-141af969ad10"
}

[1710521654.281][DEBUG]: DevTools HTTP Request: http://localhost:45541/json/list
[1710521654.292][DEBUG]: DevTools HTTP Response: [ {
   "description": "",
   "devtoolsFrontendUrl": "/devtools/inspector.html?ws=localhost:45541/devtools/page/586386A681DEBC35AE9045524D4B7A1D",
   "id": "586386A681DEBC35AE9045524D4B7A1D",
   "title": "",
   "type": "page",
   "url": "data:,",
   "webSocketDebuggerUrl": "ws://localhost:45541/devtools/page/586386A681DEBC35AE9045524D4B7A1D"
} ]

[1710521654.293][INFO]: resolved localhost to ["127.0.0.1"]
[29090:29090:0315/222414.301006:ERROR:object_proxy.cc(576)] Failed to call method: org.freedesktop.ScreenSaver.GetActive: object_path= /org/freedesktop/ScreenSaver: org.freedesktop.DBus.Error.NotSupported: This method is not implemented
[1710521654.302][DEBUG]: DevTools WebSocket Command: Target.getTargets (id=1) (session_id=) browser {
}
[1710521654.303][DEBUG]: DevTools WebSocket Response: Target.getTargets (id=1) (session_id=) browser {
   "targetInfos": [ {
      "attached": false,
      "browserContextId": "CFA075E3139C7FEEB12D45AF67C0DFA9",
      "canAccessOpener": false,
      "targetId": "586386A681DEBC35AE9045524D4B7A1D",
      "title": "",
      "type": "page",
      "url": "data:,"
   } ]
}
[1710521654.304][DEBUG]: DevTools WebSocket Command: Target.attachToTarget (id=2) (session_id=) browser {
   "flatten": true,
   "targetId": "586386A681DEBC35AE9045524D4B7A1D"
}
[1710521654.306][DEBUG]: DevTools WebSocket Event: Target.attachedToTarget (session_id=) browser {
   "sessionId": "C89B0C5CB17082F251BCEFE06A970AEC",
   "targetInfo": {
      "attached": true,
      "browserContextId": "CFA075E3139C7FEEB12D45AF67C0DFA9",
      "canAccessOpener": false,
      "targetId": "586386A681DEBC35AE9045524D4B7A1D",
      "title": "",
      "type": "page",
      "url": "data:,"
   },
   "waitingForDebugger": false
}
[1710521654.306][DEBUG]: DevTools WebSocket Response: Target.attachToTarget (id=2) (session_id=) browser {
   "sessionId": "C89B0C5CB17082F251BCEFE06A970AEC"
}
[1710521654.306][DEBUG]: DevTools WebSocket Command: Page.enable (id=3) (session_id=C89B0C5CB17082F251BCEFE06A970AEC) 586386A681DEBC35AE9045524D4B7A1D {
}
[1710521654.307][DEBUG]: DevTools WebSocket Command: Page.addScriptToEvaluateOnNewDocument (id=4) (session_id=C89B0C5CB17082F251BCEFE06A970AEC) 586386A681DEBC35AE9045524D4B7A1D {
   "source": "(function () {window.cdc_adoQpoasnfa76pfcZLmcfl_Array = window.Array;window.cdc_adoQpoasnfa76pfcZLmcfl_Object = window.Object;window.cdc_adoQpoasnfa76pfcZLmcfl_Promise = window.Promise;window.cdc_a..."
}
[1710521654.307][DEBUG]: DevTools WebSocket Command: Runtime.evaluate (id=5) (session_id=C89B0C5CB17082F251BCEFE06A970AEC) 586386A681DEBC35AE9045524D4B7A1D {
   "expression": "(function () {window.cdc_adoQpoasnfa76pfcZLmcfl_Array = window.Array;window.cdc_adoQpoasnfa76pfcZLmcfl_Object = window.Object;window.cdc_adoQpoasnfa76pfcZLmcfl_Promise = window.Promise;window.cdc_a..."
}
[1710521654.307][DEBUG]: DevTools WebSocket Command: Log.enable (id=6) (session_id=C89B0C5CB17082F251BCEFE06A970AEC) 586386A681DEBC35AE9045524D4B7A1D {
}
[1710521654.307][DEBUG]: DevTools WebSocket Command: Target.setAutoAttach (id=7) (session_id=C89B0C5CB17082F251BCEFE06A970AEC) 586386A681DEBC35AE9045524D4B7A1D {
   "autoAttach": true,
   "flatten": true,
   "waitForDebuggerOnStart": false
}
[1710521654.312][DEBUG]: DevTools WebSocket Event: Page.frameStoppedLoading (session_id=C89B0C5CB17082F251BCEFE06A970AEC) 586386A681DEBC35AE9045524D4B7A1D {
   "frameId": "586386A681DEBC35AE9045524D4B7A1D"
}
[1710521654.312][DEBUG]: DevTools WebSocket Response: Page.enable (id=3) (session_id=C89B0C5CB17082F251BCEFE06A970AEC) 586386A681DEBC35AE9045524D4B7A1D {
}
[1710521654.312][DEBUG]: DevTools WebSocket Response: Page.addScriptToEvaluateOnNewDocument (id=4) (session_id=C89B0C5CB17082F251BCEFE06A970AEC) 586386A681DEBC35AE9045524D4B7A1D {
   "identifier": "1"
}
[1710521654.312][DEBUG]: DevTools WebSocket Response: Runtime.evaluate (id=5) (session_id=C89B0C5CB17082F251BCEFE06A970AEC) 586386A681DEBC35AE9045524D4B7A1D {
   "result": {
      "type": "undefined"
   }
}
[1710521654.313][DEBUG]: DevTools WebSocket Response: Log.enable (id=6) (session_id=C89B0C5CB17082F251BCEFE06A970AEC) 586386A681DEBC35AE9045524D4B7A1D {
}
[1710521654.313][DEBUG]: DevTools WebSocket Response: Target.setAutoAttach (id=7) (session_id=C89B0C5CB17082F251BCEFE06A970AEC) 586386A681DEBC35AE9045524D4B7A1D {
}
[1710521654.313][DEBUG]: DevTools WebSocket Command: Runtime.enable (id=8) (session_id=C89B0C5CB17082F251BCEFE06A970AEC) 586386A681DEBC35AE9045524D4B7A1D {
}
[1710521654.313][DEBUG]: DevTools WebSocket Event: Runtime.executionContextCreated (session_id=C89B0C5CB17082F251BCEFE06A970AEC) 586386A681DEBC35AE9045524D4B7A1D {
   "context": {
      "auxData": {
         "frameId": "586386A681DEBC35AE9045524D4B7A1D",
         "isDefault": true,
         "type": "default"
      },
      "id": 1,
      "name": "",
      "origin": "://",
      "uniqueId": "-1319588024041343996.-3623016974427745124"
   }
}
[1710521654.313][DEBUG]: DevTools WebSocket Response: Runtime.enable (id=8) (session_id=C89B0C5CB17082F251BCEFE06A970AEC) 586386A681DEBC35AE9045524D4B7A1D {
}
[1710521654.313][DEBUG]: DevTools WebSocket Command: Runtime.enable (id=9) (session_id=C89B0C5CB17082F251BCEFE06A970AEC) 586386A681DEBC35AE9045524D4B7A1D {
}
[1710521654.314][DEBUG]: DevTools WebSocket Response: Runtime.enable (id=9) (session_id=C89B0C5CB17082F251BCEFE06A970AEC) 586386A681DEBC35AE9045524D4B7A1D {
}
[1710521654.314][INFO]: [0c5e6408b0d7859c4a45120cc74caf7d] RESPONSE InitSession {
   "capabilities": {
      "acceptInsecureCerts": false,
      "browserName": "chrome",
      "browserVersion": "122.0.6261.57",
      "chrome": {
         "chromedriverVersion": "122.0.6261.128 (f18a44fedeb29764b2b5336c120fdd90ef1a3f5c-refs/branch-heads/6261@{#1057})",
         "userDataDir": "/tmp/.org.chromium.Chromium.QpL4zn"
      },
      "fedcm:accounts": true,
      "goog:chromeOptions": {
         "debuggerAddress": "localhost:45541"
      },
      "networkConnectionEnabled": false,
      "pageLoadStrategy": "normal",
      "platformName": "linux",
      "proxy": {
      },
      "setWindowRect": true,
      "strictFileInteractability": false,
      "timeouts": {
         "implicit": 0,
         "pageLoad": 300000,
         "script": 30000
      },
      "unhandledPromptBehavior": "dismiss and notify",
      "webauthn:extension:credBlob": true,
      "webauthn:extension:largeBlob": true,
      "webauthn:extension:minPinLength": true,
      "webauthn:extension:prf": true,
      "webauthn:virtualAuthenticators": true
   },
   "sessionId": "0c5e6408b0d7859c4a45120cc74caf7d"
}
[1710521654.327][INFO]: [0c5e6408b0d7859c4a45120cc74caf7d] COMMAND Quit {
}
[1710521654.428][INFO]: [0c5e6408b0d7859c4a45120cc74caf7d] RESPONSE Quit
[1710521654.428][DEBUG]: Log type 'driver' lost 0 entries on destruction
[1710521654.428][DEBUG]: Log type 'browser' lost 0 entries on destruction
