Starting ChromeDriver 122.0.6261.69 (81bc525b6a36d91ed7fe98a4b53c6f53c79adbb2-refs/branch-heads/6261_57@{#3}) on port 9515
Only local connections are allowed.
Please see https://chromedriver.chromium.org/security-considerations for suggestions on keeping ChromeDriver safe.
ChromeDriver was started successfully.
[1708938512.561][INFO]: [4c0a50d558939e9c3352da2a6c512597] COMMAND InitSession {
   "capabilities": {
      "alwaysMatch": {
         "browserName": "chrome",
         "goog:chromeOptions": {
            "args": [  ],
            "binary": "/usr/bin/google-chrome",
            "w3c": true
         }
      },
      "firstMatch": [ {
      } ]
   }
}
[1708938512.561][INFO]: Populating Preferences file: {
   "alternate_error_pages": {
      "enabled": false
   },
   "autofill": {
      "enabled": false
   },
   "browser": {
      "check_default_browser": false
   },
   "distribution": {
      "import_bookmarks": false,
      "import_history": false,
      "import_search_engine": false,
      "make_chrome_default_for_user": false,
      "skip_first_run_ui": true
   },
   "dns_prefetching": {
      "enabled": false
   },
   "profile": {
      "content_settings": {
         "pattern_pairs": {
            "https://*,*": {
               "media-stream": {
                  "audio": "Default",
                  "video": "Default"
               }
            }
         }
      },
      "default_content_setting_values": {
         "geolocation": 1
      },
      "default_content_settings": {
         "geolocation": 1,
         "mouselock": 1,
         "notifications": 1,
         "popups": 1,
         "ppapi-broker": 1
      },
      "password_manager_enabled": false
   },
   "safebrowsing": {
      "enabled": false
   },
   "search": {
      "suggest_enabled": false
   },
   "translate": {
      "enabled": false
   }
}
[1708938512.561][INFO]: Populating Local State file: {
   "background_mode": {
      "enabled": false
   },
   "ssl": {
      "rev_checking": {
         "enabled": false
      }
   }
}
[1708938512.561][INFO]: ChromeDriver supports communication with Chrome via pipes. This is more reliable and more secure.
[1708938512.561][INFO]: Use the --remote-debugging-pipe Chrome switch instead of the default --remote-debugging-port to enable this communication mode.
[1708938512.561][INFO]: Launching chrome: /usr/bin/google-chrome --allow-pre-commit-input --disable-background-networking --disable-client-side-phishing-detection --disable-default-apps --disable-hang-monitor --disable-popup-blocking --disable-prompt-on-repost --disable-sync --enable-automation --enable-logging=stderr --log-level=0 --no-first-run --no-service-autorun --password-store=basic --remote-debugging-port=0 --test-type=webdriver --use-mock-keychain --user-data-dir=/tmp/.org.chromium.Chromium.JWA4zM data:,
[30484:30484:0226/143832.579689:WARNING:chrome_main_delegate.cc(742)] This is Chrome version 122.0.6261.57 (not a warning)
[30484:30484:0226/143832.603618:INFO:policy_logger.cc(145)] :components/policy/core/common/config_dir_policy_loader.cc(118) Skipping mandatory platform policies because no policy file was found at: /etc/opt/chrome/policies/managed
[30484:30484:0226/143832.603636:INFO:policy_logger.cc(145)] :components/policy/core/common/config_dir_policy_loader.cc(118) Skipping recommended platform policies because no policy file was found at: /etc/opt/chrome/policies/recommended
[30484:30484:0226/143832.730358:INFO:policy_logger.cc(145)] :components/enterprise/browser/controller/chrome_browser_cloud_management_controller.cc(168) Starting CBCM Controller Initialization
[30484:30484:0226/143832.730388:INFO:policy_logger.cc(145)] :components/enterprise/browser/controller/chrome_browser_cloud_management_controller.cc(196) No machine level policy manager exists.

DevTools listening on ws://127.0.0.1:34457/devtools/browser/522d24cf-92d5-42aa-be4a-3bd209f8fa9b
[1708938512.765][DEBUG]: DevTools HTTP Request: http://localhost:34457/json/version
MESA-INTEL: warning: Performance support disabled, consider sysctl dev.i915.perf_stream_paranoid=0

[30525:30525:0226/143832.839264:WARNING:sandbox_linux.cc(418)] InitializeSandbox() called with multiple threads in process gpu-process.
[30484:30484:0226/143832.859721:WARNING:bluez_dbus_manager.cc(248)] Floss manager not present, cannot set Floss enable/disable.
[1708938512.864][DEBUG]: DevTools HTTP Response: {
   "Browser": "Chrome/122.0.6261.57",
   "Protocol-Version": "1.3",
   "User-Agent": "Mozilla/5.0 (X11; Linux x86_64) AppleWebKit/537.36 (KHTML, like Gecko) Chrome/122.0.0.0 Safari/537.36",
   "V8-Version": "12.2.281.16",
   "WebKit-Version": "537.36 (@87957e464700ccf3468df47ce741e0dc089e0544)",
   "webSocketDebuggerUrl": "ws://localhost:34457/devtools/browser/522d24cf-92d5-42aa-be4a-3bd209f8fa9b"
}

[1708938512.864][DEBUG]: DevTools HTTP Request: http://localhost:34457/json/list
[1708938512.874][DEBUG]: DevTools HTTP Response: [ {
   "description": "",
   "devtoolsFrontendUrl": "/devtools/inspector.html?ws=localhost:34457/devtools/page/3DC675F1A2CBC05D9DF2D91F603983A7",
   "id": "3DC675F1A2CBC05D9DF2D91F603983A7",
   "title": "",
   "type": "page",
   "url": "data:,",
   "webSocketDebuggerUrl": "ws://localhost:34457/devtools/page/3DC675F1A2CBC05D9DF2D91F603983A7"
} ]

[1708938512.875][INFO]: resolved localhost to ["127.0.0.1"]
[30484:30484:0226/143832.875350:ERROR:object_proxy.cc(576)] Failed to call method: org.freedesktop.ScreenSaver.GetActive: object_path= /org/freedesktop/ScreenSaver: org.freedesktop.DBus.Error.NotSupported: This method is not implemented
[1708938512.879][DEBUG]: DevTools WebSocket Command: Target.getTargets (id=1) (session_id=) browser {
}
[1708938512.886][DEBUG]: DevTools WebSocket Response: Target.getTargets (id=1) (session_id=) browser {
   "targetInfos": [ {
      "attached": false,
      "browserContextId": "3AFC8F92E2FECC4DE6B5A38CDD19285C",
      "canAccessOpener": false,
      "targetId": "3DC675F1A2CBC05D9DF2D91F603983A7",
      "title": "",
      "type": "page",
      "url": "data:,"
   } ]
}
[1708938512.886][DEBUG]: DevTools WebSocket Command: Target.attachToTarget (id=2) (session_id=) browser {
   "flatten": true,
   "targetId": "3DC675F1A2CBC05D9DF2D91F603983A7"
}
[1708938512.889][DEBUG]: DevTools WebSocket Event: Target.attachedToTarget (session_id=) browser {
   "sessionId": "E9B226649D2ADB628B4E636099A35301",
   "targetInfo": {
      "attached": true,
      "browserContextId": "3AFC8F92E2FECC4DE6B5A38CDD19285C",
      "canAccessOpener": false,
      "targetId": "3DC675F1A2CBC05D9DF2D91F603983A7",
      "title": "",
      "type": "page",
      "url": "data:,"
   },
   "waitingForDebugger": false
}
[1708938512.889][DEBUG]: DevTools WebSocket Response: Target.attachToTarget (id=2) (session_id=) browser {
   "sessionId": "E9B226649D2ADB628B4E636099A35301"
}
[1708938512.889][DEBUG]: DevTools WebSocket Command: Page.enable (id=3) (session_id=E9B226649D2ADB628B4E636099A35301) 3DC675F1A2CBC05D9DF2D91F603983A7 {
}
[1708938512.889][DEBUG]: DevTools WebSocket Command: Page.addScriptToEvaluateOnNewDocument (id=4) (session_id=E9B226649D2ADB628B4E636099A35301) 3DC675F1A2CBC05D9DF2D91F603983A7 {
   "source": "(function () {window.cdc_adoQpoasnfa76pfcZLmcfl_Array = window.Array;window.cdc_adoQpoasnfa76pfcZLmcfl_Object = window.Object;window.cdc_adoQpoasnfa76pfcZLmcfl_Promise = window.Promise;window.cdc_a..."
}
[1708938512.889][DEBUG]: DevTools WebSocket Command: Runtime.evaluate (id=5) (session_id=E9B226649D2ADB628B4E636099A35301) 3DC675F1A2CBC05D9DF2D91F603983A7 {
   "expression": "(function () {window.cdc_adoQpoasnfa76pfcZLmcfl_Array = window.Array;window.cdc_adoQpoasnfa76pfcZLmcfl_Object = window.Object;window.cdc_adoQpoasnfa76pfcZLmcfl_Promise = window.Promise;window.cdc_a..."
}
[1708938512.889][DEBUG]: DevTools WebSocket Command: Log.enable (id=6) (session_id=E9B226649D2ADB628B4E636099A35301) 3DC675F1A2CBC05D9DF2D91F603983A7 {
}
[1708938512.889][DEBUG]: DevTools WebSocket Command: Target.setAutoAttach (id=7) (session_id=E9B226649D2ADB628B4E636099A35301) 3DC675F1A2CBC05D9DF2D91F603983A7 {
   "autoAttach": true,
   "flatten": true,
   "waitForDebuggerOnStart": false
}
[1708938512.896][DEBUG]: DevTools WebSocket Response: Page.enable (id=3) (session_id=E9B226649D2ADB628B4E636099A35301) 3DC675F1A2CBC05D9DF2D91F603983A7 {
}
[1708938512.896][DEBUG]: DevTools WebSocket Response: Page.addScriptToEvaluateOnNewDocument (id=4) (session_id=E9B226649D2ADB628B4E636099A35301) 3DC675F1A2CBC05D9DF2D91F603983A7 {
   "identifier": "1"
}
[1708938512.896][DEBUG]: DevTools WebSocket Response: Runtime.evaluate (id=5) (session_id=E9B226649D2ADB628B4E636099A35301) 3DC675F1A2CBC05D9DF2D91F603983A7 {
   "result": {
      "type": "undefined"
   }
}
[1708938512.896][DEBUG]: DevTools WebSocket Response: Log.enable (id=6) (session_id=E9B226649D2ADB628B4E636099A35301) 3DC675F1A2CBC05D9DF2D91F603983A7 {
}
[1708938512.896][DEBUG]: DevTools WebSocket Response: Target.setAutoAttach (id=7) (session_id=E9B226649D2ADB628B4E636099A35301) 3DC675F1A2CBC05D9DF2D91F603983A7 {
}
[1708938512.896][DEBUG]: DevTools WebSocket Command: Runtime.enable (id=8) (session_id=E9B226649D2ADB628B4E636099A35301) 3DC675F1A2CBC05D9DF2D91F603983A7 {
}
[1708938512.897][DEBUG]: DevTools WebSocket Event: Page.domContentEventFired (session_id=E9B226649D2ADB628B4E636099A35301) 3DC675F1A2CBC05D9DF2D91F603983A7 {
   "timestamp": 14113.274039
}
[1708938512.897][DEBUG]: DevTools WebSocket Event: Page.loadEventFired (session_id=E9B226649D2ADB628B4E636099A35301) 3DC675F1A2CBC05D9DF2D91F603983A7 {
   "timestamp": 14113.274394
}
[1708938512.900][DEBUG]: DevTools WebSocket Event: Page.frameStoppedLoading (session_id=E9B226649D2ADB628B4E636099A35301) 3DC675F1A2CBC05D9DF2D91F603983A7 {
   "frameId": "3DC675F1A2CBC05D9DF2D91F603983A7"
}
[1708938512.900][DEBUG]: DevTools WebSocket Event: Page.frameResized (session_id=E9B226649D2ADB628B4E636099A35301) 3DC675F1A2CBC05D9DF2D91F603983A7 {
}
[1708938512.900][DEBUG]: DevTools WebSocket Event: Runtime.executionContextCreated (session_id=E9B226649D2ADB628B4E636099A35301) 3DC675F1A2CBC05D9DF2D91F603983A7 {
   "context": {
      "auxData": {
         "frameId": "3DC675F1A2CBC05D9DF2D91F603983A7",
         "isDefault": true,
         "type": "default"
      },
      "id": 1,
      "name": "",
      "origin": "://",
      "uniqueId": "1908538064037322037.7302577489754947565"
   }
}
[1708938512.900][DEBUG]: DevTools WebSocket Response: Runtime.enable (id=8) (session_id=E9B226649D2ADB628B4E636099A35301) 3DC675F1A2CBC05D9DF2D91F603983A7 {
}
[1708938512.900][DEBUG]: DevTools WebSocket Command: Runtime.enable (id=9) (session_id=E9B226649D2ADB628B4E636099A35301) 3DC675F1A2CBC05D9DF2D91F603983A7 {
}
[1708938512.900][DEBUG]: DevTools WebSocket Response: Runtime.enable (id=9) (session_id=E9B226649D2ADB628B4E636099A35301) 3DC675F1A2CBC05D9DF2D91F603983A7 {
}
[1708938512.900][INFO]: [4c0a50d558939e9c3352da2a6c512597] RESPONSE InitSession {
   "capabilities": {
      "acceptInsecureCerts": false,
      "browserName": "chrome",
      "browserVersion": "122.0.6261.57",
      "chrome": {
         "chromedriverVersion": "122.0.6261.69 (81bc525b6a36d91ed7fe98a4b53c6f53c79adbb2-refs/branch-heads/6261_57@{#3})",
         "userDataDir": "/tmp/.org.chromium.Chromium.JWA4zM"
      },
      "fedcm:accounts": true,
      "goog:chromeOptions": {
         "debuggerAddress": "localhost:34457"
      },
      "networkConnectionEnabled": false,
      "pageLoadStrategy": "normal",
      "platformName": "linux",
      "proxy": {
      },
      "setWindowRect": true,
      "strictFileInteractability": false,
      "timeouts": {
         "implicit": 0,
         "pageLoad": 300000,
         "script": 30000
      },
      "unhandledPromptBehavior": "dismiss and notify",
      "webauthn:extension:credBlob": true,
      "webauthn:extension:largeBlob": true,
      "webauthn:extension:minPinLength": true,
      "webauthn:extension:prf": true,
      "webauthn:virtualAuthenticators": true
   },
   "sessionId": "4c0a50d558939e9c3352da2a6c512597"
}
[1708938512.923][INFO]: [4c0a50d558939e9c3352da2a6c512597] COMMAND Navigate {
   "url": "https://www.saucedemo.com/"
}
[1708938512.923][INFO]: Waiting for pending navigations...
[1708938512.923][DEBUG]: DevTools WebSocket Command: Runtime.evaluate (id=10) (session_id=E9B226649D2ADB628B4E636099A35301) 3DC675F1A2CBC05D9DF2D91F603983A7 {
   "expression": "1"
}
[1708938512.926][DEBUG]: DevTools WebSocket Response: Runtime.evaluate (id=10) (session_id=E9B226649D2ADB628B4E636099A35301) 3DC675F1A2CBC05D9DF2D91F603983A7 {
   "result": {
      "description": "1",
      "type": "number",
      "value": 1
   }
}
[1708938512.926][INFO]: Done waiting for pending navigations. Status: ok
[1708938512.926][DEBUG]: DevTools WebSocket Command: Page.navigate (id=11) (session_id=E9B226649D2ADB628B4E636099A35301) 3DC675F1A2CBC05D9DF2D91F603983A7 {
   "url": "https://www.saucedemo.com/"
}
[1708938512.929][DEBUG]: DevTools WebSocket Event: Page.frameStartedLoading (session_id=E9B226649D2ADB628B4E636099A35301) 3DC675F1A2CBC05D9DF2D91F603983A7 {
   "frameId": "3DC675F1A2CBC05D9DF2D91F603983A7"
}
[1708938515.030][DEBUG]: DevTools WebSocket Response: Page.navigate (id=11) (session_id=E9B226649D2ADB628B4E636099A35301) 3DC675F1A2CBC05D9DF2D91F603983A7 {
   "frameId": "3DC675F1A2CBC05D9DF2D91F603983A7",
   "loaderId": "254F1F3C5A215A31AAB3866F0F5D48E1"
}
[1708938515.030][INFO]: Waiting for pending navigations...
[1708938515.030][DEBUG]: DevTools WebSocket Command: Runtime.evaluate (id=12) (session_id=E9B226649D2ADB628B4E636099A35301) 3DC675F1A2CBC05D9DF2D91F603983A7 {
   "expression": "1"
}
[1708938515.036][DEBUG]: DevTools WebSocket Event: Runtime.executionContextsCleared (session_id=E9B226649D2ADB628B4E636099A35301) 3DC675F1A2CBC05D9DF2D91F603983A7 {
}
[1708938515.060][DEBUG]: DevTools WebSocket Event: Runtime.executionContextsCleared (session_id=E9B226649D2ADB628B4E636099A35301) 3DC675F1A2CBC05D9DF2D91F603983A7 {
}
[1708938515.060][DEBUG]: DevTools WebSocket Event: Page.frameNavigated (session_id=E9B226649D2ADB628B4E636099A35301) 3DC675F1A2CBC05D9DF2D91F603983A7 {
   "frame": {
      "adFrameStatus": {
         "adFrameType": "none"
      },
      "crossOriginIsolatedContextType": "NotIsolated",
      "domainAndRegistry": "saucedemo.com",
      "gatedAPIFeatures": [  ],
      "id": "3DC675F1A2CBC05D9DF2D91F603983A7",
      "loaderId": "254F1F3C5A215A31AAB3866F0F5D48E1",
      "mimeType": "text/html",
      "secureContextType": "Secure",
      "securityOrigin": "https://www.saucedemo.com",
      "url": "https://www.saucedemo.com/"
   },
   "type": "Navigation"
}
[1708938515.060][DEBUG]: DevTools WebSocket Event: Runtime.executionContextCreated (session_id=E9B226649D2ADB628B4E636099A35301) 3DC675F1A2CBC05D9DF2D91F603983A7 {
   "context": {
      "auxData": {
         "frameId": "3DC675F1A2CBC05D9DF2D91F603983A7",
         "isDefault": true,
         "type": "default"
      },
      "id": 1,
      "name": "",
      "origin": "https://www.saucedemo.com",
      "uniqueId": "177687994643795100.8368417158494718810"
   }
}
[1708938515.073][DEBUG]: DevTools WebSocket Response: Runtime.evaluate (id=12) (session_id=E9B226649D2ADB628B4E636099A35301) 3DC675F1A2CBC05D9DF2D91F603983A7 {
   "result": {
      "description": "1",
      "type": "number",
      "value": 1
   }
}
[1708938515.349][DEBUG]: DevTools WebSocket Event: Page.frameResized (session_id=E9B226649D2ADB628B4E636099A35301) 3DC675F1A2CBC05D9DF2D91F603983A7 {
}
[1708938515.349][DEBUG]: DevTools WebSocket Command: Runtime.evaluate (id=13) (session_id=E9B226649D2ADB628B4E636099A35301) 3DC675F1A2CBC05D9DF2D91F603983A7 {
   "expression": "1"
}
[30484:30484:0226/143835.349428:INFO:CONSOLE(0)] "[DOM] Input elements should have autocomplete attributes (suggested: "current-password"): (More info: https://goo.gl/9p2vKq) %o", source: https://www.saucedemo.com/ (0)
[1708938515.350][DEBUG]: DevTools WebSocket Event: Page.domContentEventFired (session_id=E9B226649D2ADB628B4E636099A35301) 3DC675F1A2CBC05D9DF2D91F603983A7 {
   "timestamp": 14115.728668
}
[1708938515.350][DEBUG]: DevTools WebSocket Event: Log.entryAdded (session_id=E9B226649D2ADB628B4E636099A35301) 3DC675F1A2CBC05D9DF2D91F603983A7 {
   "entry": {
      "args": [ {
         "className": "HTMLInputElement",
         "description": "input#password.input_error.form_input",
         "objectId": "3587737849969917044.1.1",
         "subtype": "node",
         "type": "object"
      } ],
      "level": "verbose",
      "source": "recommendation",
      "text": "[DOM] Input elements should have autocomplete attributes (suggested: \"current-password\"): (More info: https://goo.gl/9p2vKq) %o",
      "timestamp": 1.708938515349121e+12,
      "url": "https://www.saucedemo.com/"
   }
}
[1708938515.351][DEBUG]: DevTools WebSocket Response: Runtime.evaluate (id=13) (session_id=E9B226649D2ADB628B4E636099A35301) 3DC675F1A2CBC05D9DF2D91F603983A7 {
   "result": {
      "description": "1",
      "type": "number",
      "value": 1
   }
}
[1708938515.395][DEBUG]: DevTools WebSocket Event: Page.loadEventFired (session_id=E9B226649D2ADB628B4E636099A35301) 3DC675F1A2CBC05D9DF2D91F603983A7 {
   "timestamp": 14115.772471
}
[1708938515.395][DEBUG]: DevTools WebSocket Command: Runtime.evaluate (id=14) (session_id=E9B226649D2ADB628B4E636099A35301) 3DC675F1A2CBC05D9DF2D91F603983A7 {
   "awaitPromise": false,
   "expression": "document.readyState",
   "returnByValue": true,
   "uniqueContextId": "177687994643795100.8368417158494718810"
}
[1708938515.395][DEBUG]: DevTools WebSocket Event: Page.frameStoppedLoading (session_id=E9B226649D2ADB628B4E636099A35301) 3DC675F1A2CBC05D9DF2D91F603983A7 {
   "frameId": "3DC675F1A2CBC05D9DF2D91F603983A7"
}
[1708938515.396][DEBUG]: DevTools WebSocket Response: Runtime.evaluate (id=14) (session_id=E9B226649D2ADB628B4E636099A35301) 3DC675F1A2CBC05D9DF2D91F603983A7 {
   "result": {
      "type": "string",
      "value": "complete"
   }
}
[1708938515.396][DEBUG]: DevTools WebSocket Command: Runtime.evaluate (id=15) (session_id=E9B226649D2ADB628B4E636099A35301) 3DC675F1A2CBC05D9DF2D91F603983A7 {
   "expression": "1"
}
[1708938515.396][DEBUG]: DevTools WebSocket Response: Runtime.evaluate (id=15) (session_id=E9B226649D2ADB628B4E636099A35301) 3DC675F1A2CBC05D9DF2D91F603983A7 {
   "result": {
      "description": "1",
      "type": "number",
      "value": 1
   }
}
[1708938515.396][INFO]: Done waiting for pending navigations. Status: ok
[1708938515.396][INFO]: [4c0a50d558939e9c3352da2a6c512597] RESPONSE Navigate
[1708938515.459][INFO]: [4c0a50d558939e9c3352da2a6c512597] COMMAND Quit {
}
[1708938515.614][INFO]: [4c0a50d558939e9c3352da2a6c512597] RESPONSE Quit
[1708938515.614][DEBUG]: Log type 'driver' lost 0 entries on destruction
[1708938515.614][DEBUG]: Log type 'browser' lost 0 entries on destruction
